2014-09-06 02:32:24.282 Simple 3 by 3[8113:70b] Multi-tasking -> Device: YES, App: YES
2014-09-06 02:32:24.288 Simple 3 by 3[8113:70b] Unlimited access to network resources
2014-09-06 02:32:24.290 Simple 3 by 3[8113:70b] 

Started backup to iCloud! Please be careful.
Your application might rejected by Apple if you store too much data.
For more information please read "iOS Data Storage Guidelines"
You could find it at the following address https://developer.apple.com/icloud/documentation/data-storage/ .

2014-09-06 02:32:24.390 Simple 3 by 3[8113:70b] Resetting plugins due to page load.
2014-09-06 02:32:24.431 Simple 3 by 3[8113:70b] Finished load of: file:///Users/jburdeki/Library/Application%20Support/iPhone%20Simulator/7.1/Applications/AF0C92F8-EB85-406B-A8A8-7587B5A4B8FE/Simple%203%20by%203.app/www/index.html
2014-09-06 02:35:33.563 Simple 3 by 3[8488:70b] Multi-tasking -> Device: YES, App: YES
2014-09-06 02:35:33.572 Simple 3 by 3[8488:70b] Unlimited access to network resources
2014-09-06 02:35:33.574 Simple 3 by 3[8488:70b] 

Started backup to iCloud! Please be careful.
Your application might rejected by Apple if you store too much data.
For more information please read "iOS Data Storage Guidelines"
You could find it at the following address https://developer.apple.com/icloud/documentation/data-storage/ .

2014-09-06 02:35:33.668 Simple 3 by 3[8488:70b] Resetting plugins due to page load.
2014-09-06 02:35:33.888 Simple 3 by 3[8488:70b] Finished load of: file:///Users/jburdeki/Library/Application%20Support/iPhone%20Simulator/7.1/Applications/AF0C92F8-EB85-406B-A8A8-7587B5A4B8FE/Simple%203%20by%203.app/www/index.html
2014-09-06 02:35:38.280 Simple 3 by 3[8488:70b] Resetting plugins due to page load.
2014-09-06 02:35:38.305 Simple 3 by 3[8488:70b] Finished load of: file:///Users/jburdeki/Library/Application%20Support/iPhone%20Simulator/7.1/Applications/AF0C92F8-EB85-406B-A8A8-7587B5A4B8FE/Simple%203%20by%203.app/www/img/dog.jpg
2014-09-06 02:44:57.623 Simple 3 by 3[9298:70b] Multi-tasking -> Device: YES, App: YES
2014-09-06 02:44:57.629 Simple 3 by 3[9298:70b] Unlimited access to network resources
2014-09-06 02:44:57.631 Simple 3 by 3[9298:70b] 

Started backup to iCloud! Please be careful.
Your application might rejected by Apple if you store too much data.
For more information please read "iOS Data Storage Guidelines"
You could find it at the following address https://developer.apple.com/icloud/documentation/data-storage/ .

2014-09-06 02:44:57.714 Simple 3 by 3[9298:70b] Resetting plugins due to page load.
2014-09-06 02:44:57.887 Simple 3 by 3[9298:70b] Finished load of: file:///Users/jburdeki/Library/Application%20Support/iPhone%20Simulator/7.1/Applications/72A7DFD1-78CD-4F7D-8BF7-417CFC2E9720/Simple%203%20by%203.app/www/index.html
2014-09-06 02:45:05.843 Simple 3 by 3[9298:70b] Resetting plugins due to page load.
2014-09-06 02:45:05.855 Simple 3 by 3[9298:70b] Finished load of: file:///Users/jburdeki/Library/Application%20Support/iPhone%20Simulator/7.1/Applications/72A7DFD1-78CD-4F7D-8BF7-417CFC2E9720/Simple%203%20by%203.app/www/img/dog.jpg
2014-09-06 02:47:02.497 Simple 3 by 3[9621:70b] Multi-tasking -> Device: YES, App: YES
2014-09-06 02:47:02.505 Simple 3 by 3[9621:70b] Unlimited access to network resources
2014-09-06 02:47:02.507 Simple 3 by 3[9621:70b] 

Started backup to iCloud! Please be careful.
Your application might rejected by Apple if you store too much data.
For more information please read "iOS Data Storage Guidelines"
You could find it at the following address https://developer.apple.com/icloud/documentation/data-storage/ .

2014-09-06 02:47:02.611 Simple 3 by 3[9621:70b] Resetting plugins due to page load.
2014-09-06 02:47:02.781 Simple 3 by 3[9621:70b] Finished load of: file:///Users/jburdeki/Library/Application%20Support/iPhone%20Simulator/7.1/Applications/CAD0443F-8EBF-47C0-959C-45023F5A7327/Simple%203%20by%203.app/www/index.html
2014-09-06 02:47:11.199 Simple 3 by 3[9621:70b] Resetting plugins due to page load.
2014-09-06 02:47:11.213 Simple 3 by 3[9621:70b] Finished load of: file:///Users/jburdeki/Library/Application%20Support/iPhone%20Simulator/7.1/Applications/CAD0443F-8EBF-47C0-959C-45023F5A7327/Simple%203%20by%203.app/www/img/traveler.jpg
2014-09-06 03:09:03.164 Simple 3 by 3[11088:70b] Multi-tasking -> Device: YES, App: YES
2014-09-06 03:09:03.191 Simple 3 by 3[11088:70b] Unlimited access to network resources
2014-09-06 03:09:03.194 Simple 3 by 3[11088:70b] 

Started backup to iCloud! Please be careful.
Your application might rejected by Apple if you store too much data.
For more information please read "iOS Data Storage Guidelines"
You could find it at the following address https://developer.apple.com/icloud/documentation/data-storage/ .

2014-09-06 03:09:03.545 Simple 3 by 3[11088:70b] Resetting plugins due to page load.
2014-09-06 03:09:03.749 Simple 3 by 3[11088:70b] Finished load of: file:///Users/jburdeki/Library/Application%20Support/iPhone%20Simulator/7.1/Applications/CAD0443F-8EBF-47C0-959C-45023F5A7327/Simple%203%20by%203.app/www/index.html
2014-09-06 03:10:13.187 Simple 3 by 3[11088:70b] Resetting plugins due to page load.
2014-09-06 03:10:13.238 Simple 3 by 3[11088:70b] Finished load of: file:///Users/jburdeki/Library/Application%20Support/iPhone%20Simulator/7.1/Applications/CAD0443F-8EBF-47C0-959C-45023F5A7327/Simple%203%20by%203.app/www/img/dog.jpg
2014-09-06 03:11:15.936 Simple 3 by 3[11454:70b] Multi-tasking -> Device: YES, App: YES
2014-09-06 03:11:15.944 Simple 3 by 3[11454:70b] Unlimited access to network resources
2014-09-06 03:11:15.946 Simple 3 by 3[11454:70b] 

Started backup to iCloud! Please be careful.
Your application might rejected by Apple if you store too much data.
For more information please read "iOS Data Storage Guidelines"
You could find it at the following address https://developer.apple.com/icloud/documentation/data-storage/ .

2014-09-06 03:11:16.057 Simple 3 by 3[11454:70b] Resetting plugins due to page load.
2014-09-06 03:11:16.213 Simple 3 by 3[11454:70b] Finished load of: file:///Users/jburdeki/Library/Application%20Support/iPhone%20Simulator/7.1/Applications/CAD0443F-8EBF-47C0-959C-45023F5A7327/Simple%203%20by%203.app/www/index.html
2014-09-06 03:25:02.105 Simple 3 by 3[12454:70b] Multi-tasking -> Device: YES, App: YES
2014-09-06 03:25:02.129 Simple 3 by 3[12454:70b] Unlimited access to network resources
2014-09-06 03:25:02.131 Simple 3 by 3[12454:70b] 

Started backup to iCloud! Please be careful.
Your application might rejected by Apple if you store too much data.
For more information please read "iOS Data Storage Guidelines"
You could find it at the following address https://developer.apple.com/icloud/documentation/data-storage/ .

2014-09-06 03:25:02.251 Simple 3 by 3[12454:70b] Resetting plugins due to page load.
2014-09-06 03:25:02.445 Simple 3 by 3[12454:70b] Finished load of: file:///Users/jburdeki/Library/Application%20Support/iPhone%20Simulator/7.1/Applications/CAD0443F-8EBF-47C0-959C-45023F5A7327/Simple%203%20by%203.app/www/index.html
2014-09-06 03:25:20.634 Simple 3 by 3[12454:70b] Resetting plugins due to page load.
2014-09-06 03:25:20.663 Simple 3 by 3[12454:70b] Finished load of: file:///Users/jburdeki/Library/Application%20Support/iPhone%20Simulator/7.1/Applications/CAD0443F-8EBF-47C0-959C-45023F5A7327/Simple%203%20by%203.app/www/img/country.jpg
2014-09-06 03:26:42.971 Simple 3 by 3[12792:70b] Multi-tasking -> Device: YES, App: YES
2014-09-06 03:26:42.979 Simple 3 by 3[12792:70b] Unlimited access to network resources
2014-09-06 03:26:42.982 Simple 3 by 3[12792:70b] 

Started backup to iCloud! Please be careful.
Your application might rejected by Apple if you store too much data.
For more information please read "iOS Data Storage Guidelines"
You could find it at the following address https://developer.apple.com/icloud/documentation/data-storage/ .

2014-09-06 03:26:43.096 Simple 3 by 3[12792:70b] Resetting plugins due to page load.
2014-09-06 03:26:43.272 Simple 3 by 3[12792:70b] Finished load of: file:///Users/jburdeki/Library/Application%20Support/iPhone%20Simulator/7.1/Applications/F12FE0BC-3C0F-48E4-A9DE-52AB70D03CD9/Simple%203%20by%203.app/www/index.html
2014-09-06 03:27:55.625 Simple 3 by 3[13014:70b] Multi-tasking -> Device: YES, App: YES
2014-09-06 03:27:55.634 Simple 3 by 3[13014:70b] Unlimited access to network resources
2014-09-06 03:27:55.637 Simple 3 by 3[13014:70b] 

Started backup to iCloud! Please be careful.
Your application might rejected by Apple if you store too much data.
For more information please read "iOS Data Storage Guidelines"
You could find it at the following address https://developer.apple.com/icloud/documentation/data-storage/ .

2014-09-06 03:27:55.781 Simple 3 by 3[13014:70b] Resetting plugins due to page load.
2014-09-06 03:27:55.963 Simple 3 by 3[13014:70b] Finished load of: file:///Users/jburdeki/Library/Application%20Support/iPhone%20Simulator/7.1/Applications/7E724785-23BC-4397-9592-A4F4C094D88D/Simple%203%20by%203.app/www/index.html
2014-09-06 03:28:21.397 Simple 3 by 3[13341:70b] Multi-tasking -> Device: YES, App: YES
2014-09-06 03:28:21.406 Simple 3 by 3[13341:70b] Unlimited access to network resources
2014-09-06 03:28:21.408 Simple 3 by 3[13341:70b] 

Started backup to iCloud! Please be careful.
Your application might rejected by Apple if you store too much data.
For more information please read "iOS Data Storage Guidelines"
You could find it at the following address https://developer.apple.com/icloud/documentation/data-storage/ .

2014-09-06 03:28:21.513 Simple 3 by 3[13341:70b] Resetting plugins due to page load.
2014-09-06 03:28:21.684 Simple 3 by 3[13341:70b] Finished load of: file:///Users/jburdeki/Library/Application%20Support/iPhone%20Simulator/7.1/Applications/1E0F174D-BEAE-48E0-A758-7E38B269EA1E/Simple%203%20by%203.app/www/index.html
2014-09-06 03:28:28.840 Simple 3 by 3[13341:70b] Resetting plugins due to page load.
2014-09-06 03:28:28.856 Simple 3 by 3[13341:70b] Finished load of: file:///Users/jburdeki/Library/Application%20Support/iPhone%20Simulator/7.1/Applications/1E0F174D-BEAE-48E0-A758-7E38B269EA1E/Simple%203%20by%203.app/www/img/braid.jpg
2014-09-06 03:30:27.317 Simple 3 by 3[13705:70b] Multi-tasking -> Device: YES, App: YES
2014-09-06 03:30:27.323 Simple 3 by 3[13705:70b] Unlimited access to network resources
2014-09-06 03:30:27.326 Simple 3 by 3[13705:70b] 

Started backup to iCloud! Please be careful.
Your application might rejected by Apple if you store too much data.
For more information please read "iOS Data Storage Guidelines"
You could find it at the following address https://developer.apple.com/icloud/documentation/data-storage/ .

2014-09-06 03:30:27.435 Simple 3 by 3[13705:70b] Resetting plugins due to page load.
2014-09-06 03:30:27.601 Simple 3 by 3[13705:70b] Finished load of: file:///Users/jburdeki/Library/Application%20Support/iPhone%20Simulator/7.1/Applications/C987C1E4-2AC6-4A22-94FC-5E70399E9C55/Simple%203%20by%203.app/www/index.html
2014-09-06 03:30:34.931 Simple 3 by 3[13705:70b] Resetting plugins due to page load.
2014-09-06 03:30:34.958 Simple 3 by 3[13705:70b] Finished load of: file:///Users/jburdeki/Library/Application%20Support/iPhone%20Simulator/7.1/Applications/C987C1E4-2AC6-4A22-94FC-5E70399E9C55/Simple%203%20by%203.app/www/img/dog.jpg
2014-09-06 03:32:29.778 Simple 3 by 3[14060:70b] Multi-tasking -> Device: YES, App: YES
2014-09-06 03:32:29.786 Simple 3 by 3[14060:70b] Unlimited access to network resources
2014-09-06 03:32:29.788 Simple 3 by 3[14060:70b] 

Started backup to iCloud! Please be careful.
Your application might rejected by Apple if you store too much data.
For more information please read "iOS Data Storage Guidelines"
You could find it at the following address https://developer.apple.com/icloud/documentation/data-storage/ .

2014-09-06 03:32:29.907 Simple 3 by 3[14060:70b] Resetting plugins due to page load.
2014-09-06 03:32:30.120 Simple 3 by 3[14060:70b] Finished load of: file:///Users/jburdeki/Library/Application%20Support/iPhone%20Simulator/7.1/Applications/4B18B670-39D7-4A1D-88D3-71E2C7259FD5/Simple%203%20by%203.app/www/index.html
2014-09-06 03:32:39.693 Simple 3 by 3[14060:70b] Resetting plugins due to page load.
2014-09-06 03:32:39.708 Simple 3 by 3[14060:70b] Finished load of: file:///Users/jburdeki/Library/Application%20Support/iPhone%20Simulator/7.1/Applications/4B18B670-39D7-4A1D-88D3-71E2C7259FD5/Simple%203%20by%203.app/www/img/dog.jpg
2014-09-06 03:35:12.470 Simple 3 by 3[14447:70b] Multi-tasking -> Device: YES, App: YES
2014-09-06 03:35:12.476 Simple 3 by 3[14447:70b] Unlimited access to network resources
2014-09-06 03:35:12.478 Simple 3 by 3[14447:70b] 

Started backup to iCloud! Please be careful.
Your application might rejected by Apple if you store too much data.
For more information please read "iOS Data Storage Guidelines"
You could find it at the following address https://developer.apple.com/icloud/documentation/data-storage/ .

2014-09-06 03:35:12.571 Simple 3 by 3[14447:70b] Resetting plugins due to page load.
2014-09-06 03:35:12.749 Simple 3 by 3[14447:70b] Finished load of: file:///Users/jburdeki/Library/Application%20Support/iPhone%20Simulator/7.1/Applications/4B18B670-39D7-4A1D-88D3-71E2C7259FD5/Simple%203%20by%203.app/www/index.html
2014-09-06 03:35:42.899 Simple 3 by 3[14447:70b] Resetting plugins due to page load.
2014-09-06 03:35:42.917 Simple 3 by 3[14447:70b] Finished load of: file:///Users/jburdeki/Library/Application%20Support/iPhone%20Simulator/7.1/Applications/4B18B670-39D7-4A1D-88D3-71E2C7259FD5/Simple%203%20by%203.app/www/img/dog.jpg
2014-09-06 03:38:07.717 Simple 3 by 3[14878:70b] Multi-tasking -> Device: YES, App: YES
2014-09-06 03:38:07.725 Simple 3 by 3[14878:70b] Unlimited access to network resources
2014-09-06 03:38:07.728 Simple 3 by 3[14878:70b] 

Started backup to iCloud! Please be careful.
Your application might rejected by Apple if you store too much data.
For more information please read "iOS Data Storage Guidelines"
You could find it at the following address https://developer.apple.com/icloud/documentation/data-storage/ .

2014-09-06 03:38:07.837 Simple 3 by 3[14878:70b] Resetting plugins due to page load.
2014-09-06 03:38:08.049 Simple 3 by 3[14878:70b] Finished load of: file:///Users/jburdeki/Library/Application%20Support/iPhone%20Simulator/7.1/Applications/4B18B670-39D7-4A1D-88D3-71E2C7259FD5/Simple%203%20by%203.app/www/index.html
2014-09-06 03:38:22.403 Simple 3 by 3[14878:70b] Resetting plugins due to page load.
2014-09-06 03:38:22.418 Simple 3 by 3[14878:70b] Finished load of: file:///Users/jburdeki/Library/Application%20Support/iPhone%20Simulator/7.1/Applications/4B18B670-39D7-4A1D-88D3-71E2C7259FD5/Simple%203%20by%203.app/www/img/traveler.jpg
2014-09-06 03:47:35.894 Simple 3 by 3[15663:70b] Multi-tasking -> Device: YES, App: YES
2014-09-06 03:47:35.900 Simple 3 by 3[15663:70b] Unlimited access to network resources
2014-09-06 03:47:35.903 Simple 3 by 3[15663:70b] 

Started backup to iCloud! Please be careful.
Your application might rejected by Apple if you store too much data.
For more information please read "iOS Data Storage Guidelines"
You could find it at the following address https://developer.apple.com/icloud/documentation/data-storage/ .

2014-09-06 03:47:36.000 Simple 3 by 3[15663:70b] Resetting plugins due to page load.
2014-09-06 03:47:36.179 Simple 3 by 3[15663:70b] Finished load of: file:///Users/jburdeki/Library/Application%20Support/iPhone%20Simulator/7.1/Applications/4B18B670-39D7-4A1D-88D3-71E2C7259FD5/Simple%203%20by%203.app/www/index.html
2014-09-06 03:47:36.218 Simple 3 by 3[15663:70b] window.onerror : ReferenceError: Can't find variable: app file:///Users/jburdeki/Library/Application%20Support/iPhone%20Simulator/7.1/Applications/4B18B670-39D7-4A1D-88D3-71E2C7259FD5/Simple%203%20by%203.app/www/index.html 53
2014-09-06 03:47:38.788 Simple 3 by 3[15663:70b] window.onerror : ReferenceError: Can't find variable: onFail file:///Users/jburdeki/Library/Application%20Support/iPhone%20Simulator/7.1/Applications/4B18B670-39D7-4A1D-88D3-71E2C7259FD5/Simple%203%20by%203.app/www/js/index.js 58
2014-09-06 03:47:40.474 Simple 3 by 3[15663:70b] window.onerror : ReferenceError: Can't find variable: onFail file:///Users/jburdeki/Library/Application%20Support/iPhone%20Simulator/7.1/Applications/4B18B670-39D7-4A1D-88D3-71E2C7259FD5/Simple%203%20by%203.app/www/js/index.js 58
2014-09-06 03:47:44.093 Simple 3 by 3[15663:70b] window.onerror : ReferenceError: Can't find variable: onFail file:///Users/jburdeki/Library/Application%20Support/iPhone%20Simulator/7.1/Applications/4B18B670-39D7-4A1D-88D3-71E2C7259FD5/Simple%203%20by%203.app/www/js/index.js 58
2014-09-06 03:47:45.299 Simple 3 by 3[15663:70b] Resetting plugins due to page load.
2014-09-06 03:47:45.317 Simple 3 by 3[15663:70b] Finished load of: file:///Users/jburdeki/Library/Application%20Support/iPhone%20Simulator/7.1/Applications/4B18B670-39D7-4A1D-88D3-71E2C7259FD5/Simple%203%20by%203.app/www/img/dog.jpg
2014-09-06 03:53:58.967 Simple 3 by 3[16281:70b] Multi-tasking -> Device: YES, App: YES
2014-09-06 03:53:58.974 Simple 3 by 3[16281:70b] Unlimited access to network resources
2014-09-06 03:53:58.977 Simple 3 by 3[16281:70b] 

Started backup to iCloud! Please be careful.
Your application might rejected by Apple if you store too much data.
For more information please read "iOS Data Storage Guidelines"
You could find it at the following address https://developer.apple.com/icloud/documentation/data-storage/ .

2014-09-06 03:53:59.090 Simple 3 by 3[16281:70b] Resetting plugins due to page load.
2014-09-06 03:53:59.289 Simple 3 by 3[16281:70b] Finished load of: file:///Users/jburdeki/Library/Application%20Support/iPhone%20Simulator/7.1/Applications/C74F09ED-406E-4E48-A65E-124168A37A62/Simple%203%20by%203.app/www/index.html
2014-09-06 03:53:59.316 Simple 3 by 3[16281:70b] window.onerror : TypeError: 'null' is not an object (evaluating 'parentElement.querySelector') file:///Users/jburdeki/Library/Application%20Support/iPhone%20Simulator/7.1/Applications/C74F09ED-406E-4E48-A65E-124168A37A62/Simple%203%20by%203.app/www/js/index.js 69
2014-09-06 03:54:03.389 Simple 3 by 3[16281:70b] window.onerror : ReferenceError: Can't find variable: onFail file:///Users/jburdeki/Library/Application%20Support/iPhone%20Simulator/7.1/Applications/C74F09ED-406E-4E48-A65E-124168A37A62/Simple%203%20by%203.app/www/js/index.js 104
2014-09-06 03:54:07.239 Simple 3 by 3[16281:70b] window.onerror : ReferenceError: Can't find variable: onFail file:///Users/jburdeki/Library/Application%20Support/iPhone%20Simulator/7.1/Applications/C74F09ED-406E-4E48-A65E-124168A37A62/Simple%203%20by%203.app/www/js/index.js 104
2014-09-06 03:54:50.569 Simple 3 by 3[16281:70b] Resetting plugins due to page load.
2014-09-06 03:54:50.586 Simple 3 by 3[16281:70b] Finished load of: file:///Users/jburdeki/Library/Application%20Support/iPhone%20Simulator/7.1/Applications/C74F09ED-406E-4E48-A65E-124168A37A62/Simple%203%20by%203.app/www/img/dog.jpg
2014-09-06 03:56:49.202 Simple 3 by 3[16722:70b] Multi-tasking -> Device: YES, App: YES
2014-09-06 03:56:49.210 Simple 3 by 3[16722:70b] Unlimited access to network resources
2014-09-06 03:56:49.213 Simple 3 by 3[16722:70b] 

Started backup to iCloud! Please be careful.
Your application might rejected by Apple if you store too much data.
For more information please read "iOS Data Storage Guidelines"
You could find it at the following address https://developer.apple.com/icloud/documentation/data-storage/ .

2014-09-06 03:56:49.322 Simple 3 by 3[16722:70b] Resetting plugins due to page load.
2014-09-06 03:56:49.498 Simple 3 by 3[16722:70b] Finished load of: file:///Users/jburdeki/Library/Application%20Support/iPhone%20Simulator/7.1/Applications/B8EEFA4D-46A1-4D6E-A465-667FF2FC1740/Simple%203%20by%203.app/www/index.html
2014-09-06 03:56:49.528 Simple 3 by 3[16722:70b] window.onerror : TypeError: 'null' is not an object (evaluating 'parentElement.querySelector') file:///Users/jburdeki/Library/Application%20Support/iPhone%20Simulator/7.1/Applications/B8EEFA4D-46A1-4D6E-A465-667FF2FC1740/Simple%203%20by%203.app/www/js/index.js 69
2014-09-06 03:56:51.592 Simple 3 by 3[16722:70b] window.onerror : TypeError: 'undefined' is not an object (evaluating 'destinationType.DATA_URL') file:///Users/jburdeki/Library/Application%20Support/iPhone%20Simulator/7.1/Applications/B8EEFA4D-46A1-4D6E-A465-667FF2FC1740/Simple%203%20by%203.app/www/js/index.js 105
2014-09-06 04:04:19.910 Simple 3 by 3[17371:70b] Multi-tasking -> Device: YES, App: YES
2014-09-06 04:04:19.916 Simple 3 by 3[17371:70b] Unlimited access to network resources
2014-09-06 04:04:19.918 Simple 3 by 3[17371:70b] 

Started backup to iCloud! Please be careful.
Your application might rejected by Apple if you store too much data.
For more information please read "iOS Data Storage Guidelines"
You could find it at the following address https://developer.apple.com/icloud/documentation/data-storage/ .

2014-09-06 04:04:20.022 Simple 3 by 3[17371:70b] Resetting plugins due to page load.
2014-09-06 04:04:20.228 Simple 3 by 3[17371:70b] Finished load of: file:///Users/jburdeki/Library/Application%20Support/iPhone%20Simulator/7.1/Applications/B8EEFA4D-46A1-4D6E-A465-667FF2FC1740/Simple%203%20by%203.app/www/index.html
2014-09-06 04:04:20.247 Simple 3 by 3[17371:70b] window.onerror : TypeError: 'null' is not an object (evaluating 'listeningElement.setAttribute') file:///Users/jburdeki/Library/Application%20Support/iPhone%20Simulator/7.1/Applications/B8EEFA4D-46A1-4D6E-A465-667FF2FC1740/Simple%203%20by%203.app/www/js/index.js 72
2014-09-06 04:04:31.865 Simple 3 by 3[17371:70b] Resetting plugins due to page load.
2014-09-06 04:04:31.901 Simple 3 by 3[17371:70b] Finished load of: file:///Users/jburdeki/Library/Application%20Support/iPhone%20Simulator/7.1/Applications/B8EEFA4D-46A1-4D6E-A465-667FF2FC1740/Simple%203%20by%203.app/www/img/scarf.jpg
2014-09-06 04:06:57.801 Simple 3 by 3[17785:70b] Multi-tasking -> Device: YES, App: YES
2014-09-06 04:06:57.807 Simple 3 by 3[17785:70b] Unlimited access to network resources
2014-09-06 04:06:57.810 Simple 3 by 3[17785:70b] 

Started backup to iCloud! Please be careful.
Your application might rejected by Apple if you store too much data.
For more information please read "iOS Data Storage Guidelines"
You could find it at the following address https://developer.apple.com/icloud/documentation/data-storage/ .

2014-09-06 04:06:57.926 Simple 3 by 3[17785:70b] Resetting plugins due to page load.
2014-09-06 04:06:58.092 Simple 3 by 3[17785:70b] Finished load of: file:///Users/jburdeki/Library/Application%20Support/iPhone%20Simulator/7.1/Applications/6F1A85A1-942A-40A9-B378-617268FC65CB/Simple%203%20by%203.app/www/index.html
2014-09-06 04:06:58.123 Simple 3 by 3[17785:70b] window.onerror : TypeError: 'null' is not an object (evaluating 'listeningElement.setAttribute') file:///Users/jburdeki/Library/Application%20Support/iPhone%20Simulator/7.1/Applications/6F1A85A1-942A-40A9-B378-617268FC65CB/Simple%203%20by%203.app/www/js/index.js 71
2014-09-06 04:07:06.287 Simple 3 by 3[17785:70b] window.onerror : TypeError: 'undefined' is not an object (evaluating 'destinationType.DATA_URL') file:///Users/jburdeki/Library/Application%20Support/iPhone%20Simulator/7.1/Applications/6F1A85A1-942A-40A9-B378-617268FC65CB/Simple%203%20by%203.app/www/js/index.js 104
2014-09-06 04:07:13.187 Simple 3 by 3[17785:70b] window.onerror : TypeError: 'undefined' is not an object (evaluating 'destinationType.DATA_URL') file:///Users/jburdeki/Library/Application%20Support/iPhone%20Simulator/7.1/Applications/6F1A85A1-942A-40A9-B378-617268FC65CB/Simple%203%20by%203.app/www/js/index.js 104
2014-09-06 04:08:01.004 Simple 3 by 3[17785:70b] window.onerror : TypeError: 'undefined' is not an object (evaluating 'destinationType.DATA_URL') file:///Users/jburdeki/Library/Application%20Support/iPhone%20Simulator/7.1/Applications/6F1A85A1-942A-40A9-B378-617268FC65CB/Simple%203%20by%203.app/www/js/index.js 104
2014-09-06 04:08:04.377 Simple 3 by 3[17785:70b] window.onerror : TypeError: 'undefined' is not an object (evaluating 'destinationType.DATA_URL') file:///Users/jburdeki/Library/Application%20Support/iPhone%20Simulator/7.1/Applications/6F1A85A1-942A-40A9-B378-617268FC65CB/Simple%203%20by%203.app/www/js/index.js 104
2014-09-06 04:08:05.696 Simple 3 by 3[17785:70b] window.onerror : TypeError: 'undefined' is not an object (evaluating 'destinationType.DATA_URL') file:///Users/jburdeki/Library/Application%20Support/iPhone%20Simulator/7.1/Applications/6F1A85A1-942A-40A9-B378-617268FC65CB/Simple%203%20by%203.app/www/js/index.js 104
2014-09-06 04:41:23.948 Simple 3 by 3[19921:70b] Multi-tasking -> Device: YES, App: YES
2014-09-06 04:41:23.981 Simple 3 by 3[19921:70b] Unlimited access to network resources
2014-09-06 04:41:23.986 Simple 3 by 3[19921:70b] 

Started backup to iCloud! Please be careful.
Your application might rejected by Apple if you store too much data.
For more information please read "iOS Data Storage Guidelines"
You could find it at the following address https://developer.apple.com/icloud/documentation/data-storage/ .

2014-09-06 04:41:24.365 Simple 3 by 3[19921:70b] Resetting plugins due to page load.
2014-09-06 04:41:24.599 Simple 3 by 3[19921:70b] Finished load of: file:///Users/jburdeki/Library/Application%20Support/iPhone%20Simulator/7.1/Applications/8E99466E-B818-4E82-BE0A-5EAE6AAA1E14/Simple%203%20by%203.app/www/index.html
2014-09-06 04:41:24.619 Simple 3 by 3[19921:70b] window.onerror : TypeError: 'null' is not an object (evaluating 'listeningElement.setAttribute') file:///Users/jburdeki/Library/Application%20Support/iPhone%20Simulator/7.1/Applications/8E99466E-B818-4E82-BE0A-5EAE6AAA1E14/Simple%203%20by%203.app/www/js/index.js 70
2014-09-06 04:41:33.636 Simple 3 by 3[19921:70b] Resetting plugins due to page load.
2014-09-06 04:41:33.665 Simple 3 by 3[19921:70b] Finished load of: file:///Users/jburdeki/Library/Application%20Support/iPhone%20Simulator/7.1/Applications/8E99466E-B818-4E82-BE0A-5EAE6AAA1E14/Simple%203%20by%203.app/www/img/country.jpg
2014-09-06 04:46:45.594 Simple 3 by 3[20496:70b] Multi-tasking -> Device: YES, App: YES
2014-09-06 04:46:45.601 Simple 3 by 3[20496:70b] Unlimited access to network resources
2014-09-06 04:46:45.603 Simple 3 by 3[20496:70b] 

Started backup to iCloud! Please be careful.
Your application might rejected by Apple if you store too much data.
For more information please read "iOS Data Storage Guidelines"
You could find it at the following address https://developer.apple.com/icloud/documentation/data-storage/ .

2014-09-06 04:46:45.704 Simple 3 by 3[20496:70b] Resetting plugins due to page load.
2014-09-06 04:46:45.884 Simple 3 by 3[20496:70b] Finished load of: file:///Users/jburdeki/Library/Application%20Support/iPhone%20Simulator/7.1/Applications/2BF54B2B-1A24-46F0-B038-3AFEC40789DF/Simple%203%20by%203.app/www/index.html
2014-09-06 04:46:45.911 Simple 3 by 3[20496:70b] Received Event: deviceready
2014-09-06 04:46:51.082 Simple 3 by 3[20496:70b] Camera.getPicture: source type 1 not available.
2014-09-06 04:46:51.083 Simple 3 by 3[20496:70b] window.onerror : no camera available  
2014-09-06 04:47:00.719 Simple 3 by 3[20496:70b] Camera.getPicture: source type 1 not available.
2014-09-06 04:47:00.720 Simple 3 by 3[20496:70b] window.onerror : no camera available  
2014-09-06 04:49:16.139 Simple 3 by 3[20880:70b] Multi-tasking -> Device: YES, App: YES
2014-09-06 04:49:16.145 Simple 3 by 3[20880:70b] Unlimited access to network resources
2014-09-06 04:49:16.149 Simple 3 by 3[20880:70b] 

Started backup to iCloud! Please be careful.
Your application might rejected by Apple if you store too much data.
For more information please read "iOS Data Storage Guidelines"
You could find it at the following address https://developer.apple.com/icloud/documentation/data-storage/ .

2014-09-06 04:49:16.254 Simple 3 by 3[20880:70b] Resetting plugins due to page load.
2014-09-06 04:49:16.414 Simple 3 by 3[20880:70b] Finished load of: file:///Users/jburdeki/Library/Application%20Support/iPhone%20Simulator/7.1/Applications/2BF54B2B-1A24-46F0-B038-3AFEC40789DF/Simple%203%20by%203.app/www/index.html
2014-09-06 04:49:27.658 Simple 3 by 3[20880:70b] Camera.getPicture: source type 1 not available.
2014-09-06 04:49:27.659 Simple 3 by 3[20880:70b] window.onerror : no camera available  
2014-09-06 04:49:29.898 Simple 3 by 3[20880:70b] Camera.getPicture: source type 1 not available.
2014-09-06 04:49:29.898 Simple 3 by 3[20880:70b] window.onerror : no camera available  
2014-09-06 04:49:32.257 Simple 3 by 3[20880:70b] Camera.getPicture: source type 1 not available.
2014-09-06 04:49:32.258 Simple 3 by 3[20880:70b] window.onerror : no camera available  
2014-09-06 04:49:33.556 Simple 3 by 3[20880:70b] Camera.getPicture: source type 1 not available.
2014-09-06 04:49:33.557 Simple 3 by 3[20880:70b] window.onerror : no camera available  
2014-09-06 04:49:35.525 Simple 3 by 3[20880:70b] Camera.getPicture: source type 1 not available.
2014-09-06 04:49:35.526 Simple 3 by 3[20880:70b] window.onerror : no camera available  
2014-09-06 04:49:38.450 Simple 3 by 3[20880:70b] Resetting plugins due to page load.
2014-09-06 04:49:38.493 Simple 3 by 3[20880:70b] Finished load of: file:///Users/jburdeki/Library/Application%20Support/iPhone%20Simulator/7.1/Applications/2BF54B2B-1A24-46F0-B038-3AFEC40789DF/Simple%203%20by%203.app/www/img/braid.jpg
2014-09-06 04:50:50.621 Simple 3 by 3[21213:70b] Multi-tasking -> Device: YES, App: YES
2014-09-06 04:50:50.628 Simple 3 by 3[21213:70b] Unlimited access to network resources
2014-09-06 04:50:50.631 Simple 3 by 3[21213:70b] 

Started backup to iCloud! Please be careful.
Your application might rejected by Apple if you store too much data.
For more information please read "iOS Data Storage Guidelines"
You could find it at the following address https://developer.apple.com/icloud/documentation/data-storage/ .

2014-09-06 04:50:50.738 Simple 3 by 3[21213:70b] Resetting plugins due to page load.
2014-09-06 04:50:50.911 Simple 3 by 3[21213:70b] Finished load of: file:///Users/jburdeki/Library/Application%20Support/iPhone%20Simulator/7.1/Applications/2BF54B2B-1A24-46F0-B038-3AFEC40789DF/Simple%203%20by%203.app/www/index.html
2014-09-06 04:50:59.191 Simple 3 by 3[21213:70b] Camera.getPicture: source type 1 not available.
2014-09-06 04:50:59.192 Simple 3 by 3[21213:70b] window.onerror : no camera available  
2014-09-06 04:51:00.830 Simple 3 by 3[21213:70b] Camera.getPicture: source type 1 not available.
2014-09-06 04:51:00.830 Simple 3 by 3[21213:70b] window.onerror : no camera available  
2014-09-06 04:51:02.565 Simple 3 by 3[21213:70b] Camera.getPicture: source type 1 not available.
2014-09-06 04:51:02.565 Simple 3 by 3[21213:70b] window.onerror : no camera available  
2014-09-06 04:52:17.827 Simple 3 by 3[21213:70b] Resetting plugins due to page load.
2014-09-06 04:52:17.866 Simple 3 by 3[21213:70b] Finished load of: file:///Users/jburdeki/Library/Application%20Support/iPhone%20Simulator/7.1/Applications/2BF54B2B-1A24-46F0-B038-3AFEC40789DF/Simple%203%20by%203.app/www/img/braid.jpg
2014-09-06 04:58:24.485 Simple 3 by 3[21904:70b] Multi-tasking -> Device: YES, App: YES
2014-09-06 04:58:24.493 Simple 3 by 3[21904:70b] Unlimited access to network resources
2014-09-06 04:58:24.495 Simple 3 by 3[21904:70b] 

Started backup to iCloud! Please be careful.
Your application might rejected by Apple if you store too much data.
For more information please read "iOS Data Storage Guidelines"
You could find it at the following address https://developer.apple.com/icloud/documentation/data-storage/ .

2014-09-06 04:58:24.602 Simple 3 by 3[21904:70b] Resetting plugins due to page load.
2014-09-06 04:58:24.771 Simple 3 by 3[21904:70b] Finished load of: file:///Users/jburdeki/Library/Application%20Support/iPhone%20Simulator/7.1/Applications/3F316B36-7F93-4A97-A9C4-DE7DFDB9F29B/Simple%203%20by%203.app/www/index.html
2014-09-06 04:58:27.147 Simple 3 by 3[21904:70b] Camera.getPicture: source type 1 not available.
2014-09-06 04:58:27.149 Simple 3 by 3[21904:70b] window.onerror : no camera available  
2014-09-06 04:58:30.260 Simple 3 by 3[21904:70b] Camera.getPicture: source type 1 not available.
2014-09-06 04:58:30.261 Simple 3 by 3[21904:70b] window.onerror : no camera available  
2014-09-06 04:58:36.711 Simple 3 by 3[21904:70b] Camera.getPicture: source type 1 not available.
2014-09-06 04:58:36.712 Simple 3 by 3[21904:70b] window.onerror : no camera available  
2014-09-06 04:58:40.941 Simple 3 by 3[21904:70b] Camera.getPicture: source type 1 not available.
2014-09-06 04:58:40.941 Simple 3 by 3[21904:70b] window.onerror : no camera available  
2014-09-06 05:14:52.235 Simple 3 by 3[23167:70b] Multi-tasking -> Device: YES, App: YES
2014-09-06 05:14:52.240 Simple 3 by 3[23167:70b] Unlimited access to network resources
2014-09-06 05:14:52.243 Simple 3 by 3[23167:70b] 

Started backup to iCloud! Please be careful.
Your application might rejected by Apple if you store too much data.
For more information please read "iOS Data Storage Guidelines"
You could find it at the following address https://developer.apple.com/icloud/documentation/data-storage/ .

2014-09-06 05:14:52.337 Simple 3 by 3[23167:70b] Resetting plugins due to page load.
2014-09-06 05:14:52.520 Simple 3 by 3[23167:70b] Finished load of: file:///Users/jburdeki/Library/Application%20Support/iPhone%20Simulator/7.1/Applications/3F316B36-7F93-4A97-A9C4-DE7DFDB9F29B/Simple%203%20by%203.app/www/index.html
2014-09-06 05:19:55.537 Simple 3 by 3[23667:70b] Multi-tasking -> Device: YES, App: YES
2014-09-06 05:19:55.545 Simple 3 by 3[23667:70b] Unlimited access to network resources
2014-09-06 05:19:55.547 Simple 3 by 3[23667:70b] 

Started backup to iCloud! Please be careful.
Your application might rejected by Apple if you store too much data.
For more information please read "iOS Data Storage Guidelines"
You could find it at the following address https://developer.apple.com/icloud/documentation/data-storage/ .

2014-09-06 05:19:55.656 Simple 3 by 3[23667:70b] Resetting plugins due to page load.
2014-09-06 05:19:55.839 Simple 3 by 3[23667:70b] Finished load of: file:///Users/jburdeki/Library/Application%20Support/iPhone%20Simulator/7.1/Applications/7E024FD4-B2E5-4DCF-AEA4-54F87250AF44/Simple%203%20by%203.app/www/index.html
2014-09-06 05:22:17.202 Simple 3 by 3[24042:70b] Multi-tasking -> Device: YES, App: YES
2014-09-06 05:22:17.209 Simple 3 by 3[24042:70b] Unlimited access to network resources
2014-09-06 05:22:17.212 Simple 3 by 3[24042:70b] 

Started backup to iCloud! Please be careful.
Your application might rejected by Apple if you store too much data.
For more information please read "iOS Data Storage Guidelines"
You could find it at the following address https://developer.apple.com/icloud/documentation/data-storage/ .

2014-09-06 05:22:17.317 Simple 3 by 3[24042:70b] Resetting plugins due to page load.
2014-09-06 05:22:17.493 Simple 3 by 3[24042:70b] Finished load of: file:///Users/jburdeki/Library/Application%20Support/iPhone%20Simulator/7.1/Applications/8023B1A0-92B6-4931-87B2-D02DF10A9E31/Simple%203%20by%203.app/www/index.html
2014-09-06 05:23:54.556 Simple 3 by 3[24385:70b] Multi-tasking -> Device: YES, App: YES
2014-09-06 05:23:54.562 Simple 3 by 3[24385:70b] Unlimited access to network resources
2014-09-06 05:23:54.565 Simple 3 by 3[24385:70b] 

Started backup to iCloud! Please be careful.
Your application might rejected by Apple if you store too much data.
For more information please read "iOS Data Storage Guidelines"
You could find it at the following address https://developer.apple.com/icloud/documentation/data-storage/ .

2014-09-06 05:23:54.675 Simple 3 by 3[24385:70b] Resetting plugins due to page load.
2014-09-06 05:23:54.870 Simple 3 by 3[24385:70b] Finished load of: file:///Users/jburdeki/Library/Application%20Support/iPhone%20Simulator/7.1/Applications/C8E37E6A-B6BE-4D5C-BEA5-4A9200C189A5/Simple%203%20by%203.app/www/index.html
2014-09-06 05:24:07.084 Simple 3 by 3[24385:70b] Resetting plugins due to page load.
2014-09-06 05:24:07.111 Simple 3 by 3[24385:70b] Finished load of: file:///Users/jburdeki/Library/Application%20Support/iPhone%20Simulator/7.1/Applications/C8E37E6A-B6BE-4D5C-BEA5-4A9200C189A5/Simple%203%20by%203.app/www/img/country.jpg
2014-09-06 05:30:04.397 Simple 3 by 3[25000:70b] Multi-tasking -> Device: YES, App: YES
2014-09-06 05:30:04.402 Simple 3 by 3[25000:70b] Unlimited access to network resources
2014-09-06 05:30:04.404 Simple 3 by 3[25000:70b] 

Started backup to iCloud! Please be careful.
Your application might rejected by Apple if you store too much data.
For more information please read "iOS Data Storage Guidelines"
You could find it at the following address https://developer.apple.com/icloud/documentation/data-storage/ .

2014-09-06 05:30:04.501 Simple 3 by 3[25000:70b] Resetting plugins due to page load.
2014-09-06 05:30:04.675 Simple 3 by 3[25000:70b] Finished load of: file:///Users/jburdeki/Library/Application%20Support/iPhone%20Simulator/7.1/Applications/C8E37E6A-B6BE-4D5C-BEA5-4A9200C189A5/Simple%203%20by%203.app/www/index.html
2014-09-06 05:31:47.341 Simple 3 by 3[25340:70b] Multi-tasking -> Device: YES, App: YES
2014-09-06 05:31:47.349 Simple 3 by 3[25340:70b] Unlimited access to network resources
2014-09-06 05:31:47.352 Simple 3 by 3[25340:70b] 

Started backup to iCloud! Please be careful.
Your application might rejected by Apple if you store too much data.
For more information please read "iOS Data Storage Guidelines"
You could find it at the following address https://developer.apple.com/icloud/documentation/data-storage/ .

2014-09-06 05:31:47.447 Simple 3 by 3[25340:70b] Resetting plugins due to page load.
2014-09-06 05:31:47.610 Simple 3 by 3[25340:70b] Finished load of: file:///Users/jburdeki/Library/Application%20Support/iPhone%20Simulator/7.1/Applications/C8E37E6A-B6BE-4D5C-BEA5-4A9200C189A5/Simple%203%20by%203.app/www/index.html
2014-09-06 05:31:52.569 Simple 3 by 3[25340:70b] Camera.getPicture: source type 1 not available.
2014-09-06 05:31:52.571 Simple 3 by 3[25340:70b] window.onerror : no camera available  
2014-09-06 05:31:55.176 Simple 3 by 3[25340:70b] Camera.getPicture: source type 1 not available.
2014-09-06 05:31:55.177 Simple 3 by 3[25340:70b] window.onerror : no camera available  
2014-09-06 05:31:56.826 Simple 3 by 3[25340:70b] Camera.getPicture: source type 1 not available.
2014-09-06 05:31:56.827 Simple 3 by 3[25340:70b] window.onerror : no camera available  
